<?xml version="1.0" encoding="UTF-8"?>
<testsuite xmlns:xsi="http://www.w3.org/2001/XMLSchema-instance" xsi:noNamespaceSchemaLocation="https://maven.apache.org/surefire/maven-surefire-plugin/xsd/surefire-test-report.xsd" name="de.sranko_informatik.siXmlToPDFwithFtl.SiXmlToPdFwithFtlApplicationTests" time="0.328" tests="1" errors="1" skipped="0" failures="0">
  <properties>
[...]
</properties>
  <testcase name="de.sranko_informatik.siXmlToPDFwithFtl.SiXmlToPdFwithFtlApplicationTests" classname="de.sranko_informatik.siXmlToPDFwithFtl.SiXmlToPdFwithFtlApplicationTests" time="0.327">
    <error message="Unable to find a @SpringBootConfiguration, you need to use @ContextConfiguration or @SpringBootTest(classes=...) with your test" type="java.lang.IllegalStateException">java.lang.IllegalStateException: Unable to find a @SpringBootConfiguration, you need to use @ContextConfiguration or @SpringBootTest(classes=...) with your test
</error>
    <system-out><![CDATA[17:28:01.925 [main] DEBUG org.springframework.test.context.BootstrapUtils - Instantiating CacheAwareContextLoaderDelegate from class [org.springframework.test.context.cache.DefaultCacheAwareContextLoaderDelegate]
17:28:01.943 [main] DEBUG org.springframework.test.context.BootstrapUtils - Instantiating BootstrapContext using constructor [public org.springframework.test.context.support.DefaultBootstrapContext(java.lang.Class,org.springframework.test.context.CacheAwareContextLoaderDelegate)]
17:28:01.993 [main] DEBUG org.springframework.test.context.BootstrapUtils - Instantiating TestContextBootstrapper for test class [de.sranko_informatik.siXmlToPDFwithFtl.SiXmlToPdFwithFtlApplicationTests] from class [org.springframework.boot.test.context.SpringBootTestContextBootstrapper]
17:28:02.011 [main] INFO org.springframework.boot.test.context.SpringBootTestContextBootstrapper - Neither @ContextConfiguration nor @ContextHierarchy found for test class [de.sranko_informatik.siXmlToPDFwithFtl.SiXmlToPdFwithFtlApplicationTests], using SpringBootContextLoader
17:28:02.017 [main] DEBUG org.springframework.test.context.support.AbstractContextLoader - Did not detect default resource location for test class [de.sranko_informatik.siXmlToPDFwithFtl.SiXmlToPdFwithFtlApplicationTests]: class path resource [de/sranko_informatik/siXmlToPDFwithFtl/SiXmlToPdFwithFtlApplicationTests-context.xml] does not exist
17:28:02.018 [main] DEBUG org.springframework.test.context.support.AbstractContextLoader - Did not detect default resource location for test class [de.sranko_informatik.siXmlToPDFwithFtl.SiXmlToPdFwithFtlApplicationTests]: class path resource [de/sranko_informatik/siXmlToPDFwithFtl/SiXmlToPdFwithFtlApplicationTestsContext.groovy] does not exist
17:28:02.019 [main] INFO org.springframework.test.context.support.AbstractContextLoader - Could not detect default resource locations for test class [de.sranko_informatik.siXmlToPDFwithFtl.SiXmlToPdFwithFtlApplicationTests]: no resource found for suffixes {-context.xml, Context.groovy}.
17:28:02.020 [main] INFO org.springframework.test.context.support.AnnotationConfigContextLoaderUtils - Could not detect default configuration classes for test class [de.sranko_informatik.siXmlToPDFwithFtl.SiXmlToPdFwithFtlApplicationTests]: SiXmlToPdFwithFtlApplicationTests does not declare any static, non-private, non-final, nested classes annotated with @Configuration.
17:28:02.097 [main] DEBUG org.springframework.test.context.support.ActiveProfilesUtils - Could not find an 'annotation declaring class' for annotation type [org.springframework.test.context.ActiveProfiles] and class [de.sranko_informatik.siXmlToPDFwithFtl.SiXmlToPdFwithFtlApplicationTests]
]]></system-out>
  </testcase>
</testsuite>